
                       @@@@@@      @@@@    @@@ @@@@   @@@@
                         @@         @@      @   @@     @  
                         @@         @@      @    @@   @   
                         @@          @@    @      @@ @    
                         @@          @@    @       @@     
                         @@           @@  @        @@     
                         @@           @@  @        @@@    
                         @@            @@@        @  @@   
                         @@      @     @@@       @    @@  
                         @@     @       @       @      @@ 
                       @@@@@@@@@@       @      @@@    @@@@

                             Gate Netlist Comparator

                   Alliance CAD System 5.0 20090901,   lvx 1.4
                   Copyright (c) 1992-2019,     ASIM/LIP6/UPMC
                   E-mail        : alliance-users@asim.lip6.fr



***** Loading and flattening dac_j_scap (vst)...

***** Loading and flattening dac_j_scap_cougar (al)...


***** Compare Terminals .............
***** O.K.	(0 sec)

***** Compare Instances ..........
***** O.K.	(0 sec)

***** Compare Connections .............
***** O.K.	(0 sec)

===== Terminals .......... 14    
===== Instances .......... 42    
===== Connectors ......... 236   


***** Netlists are Identical. *****	(0 sec)

