
                   @@@    @@@           @@@@@@@              
                    @@     @              @@   @@            
                    @@@    @              @@    @@           
                    @ @@   @    @@@@@     @@    @@     @@@   
                    @ @@   @   @     @    @@   @@    @@   @@ 
                    @  @@  @  @@     @@   @@@@@     @@     @@
                    @   @@ @  @@@@@@@@@   @@  @@    @@     @@
                    @   @@ @  @@          @@   @@   @@     @@
                    @    @@@  @@      @   @@   @@   @@     @@
                    @     @@   @@    @@   @@    @@   @@   @@ 
                   @@@    @@     @@@@   @@@@@   @@@    @@@   

                               Negotiating Router

                   Alliance CAD System 5.0 20090901,  nero 5.0
                   Copyright (c) 2002-2019,     ASIM/LIP6/UPMC
                   E-mail        : alliance-users@asim.lip6.fr

                                S/N 20080611.1


  o  MBK environment :

     MBK_IN_LO       := vst
     MBK_OUT_LO      := vst
     MBK_IN_PH       := ap
     MBK_OUT_PH      := ap
     MBK_WORK_LIB    := .
     MBK_CATA_LIB    := .
                        /usr/lib64/alliance/cells/sxlib
                        /usr/lib64/alliance/cells/dp_sxlib
                        /usr/lib64/alliance/cells/rflib
                        /usr/lib64/alliance/cells/rf2lib
                        /usr/lib64/alliance/cells/ramlib
                        /usr/lib64/alliance/cells/romlib
                        /usr/lib64/alliance/cells/pxlib
                        /usr/lib64/alliance/cells/padlib
     MBK_CATAL_NAME  := CATAL
     MBK_VDD         := vdd
     MBK_VSS         := vss
     MBK_SEPAR       := .

  o  Loading netlist "dac_j_scap"...
  o  Loading layout "dac_j_scap"...
  o  Flattening layout...
  o  Flattening netlist...
  o  Building netlist dual representation (lofigchain)...
  o  Binding logical & physical views...

  o  Loading design into grid...
     o  Using seed cell "a2_x2_ins" (model "a2_x2").
     o  Grid offset : (0,0) [adjust (0,0)]
     o  Small design, global routing disabled.
     o  Allocating grid size [60,51,3].
     o  Loading external terminals.
     o  Finding obstacles.
     o  Loading nets into grid.
     o  Allocating the net scheduler.
     o  Reading power grid.

  o  Local routing stage.
     - [  53] (hp :=     0) "not_dac_cst 1"
     - [  52] (hp :=     0) "vdd"
     - [  51] (hp :=     0) "vss"
     - [  50] (hp :=     7) "daytime"
     - [  49] (hp :=     9) "na4_x1_2_sig"
     - [  48] (hp :=    10) "reset"
     - [  47] (hp :=    10) "alarm"
     - [  46] (hp :=    10) "na2_x1_2_sig"
     - [  45] (hp :=    11) "no4_x1_sig"
     - [  44] (hp :=    11) "no3_x1_3_sig"
     - [  43] (hp :=    11) "scin"
     - [  42] (hp :=    11) "scout"
     - [  41] (hp :=    13) "na4_x1_sig"
     - [  40] (hp :=    13) "a2_x2_sig"
     - [  39] (hp :=    13) "o2_x2_sig"
     - [  38] (hp :=    15) "mbk_buf_not_aux2"
     - [  37] (hp :=    15) "oa22_x2_sig"
     - [  36] (hp :=    15) "inv_x2_sig"
     - [  35] (hp :=    16) "inv_x2_2_sig"
     - [  34] (hp :=    17) "no2_x1_sig"
     - [  33] (hp :=    19) "no4_x1_2_sig"
     - [  32] (hp :=    19) "na4_x1_3_sig"
     - [  31] (hp :=    21) "not_code 3"
     - [  30] (hp :=    22) "not_dac_cst 0"
     - [  29] (hp :=    22) "na2_x1_5_sig"
     - [  28] (hp :=    23) "no3_x1_2_sig"
     - [  27] (hp :=    23) "not_aux2"
     - [  26] (hp :=    24) "no3_x1_sig"
     - [  25] (hp :=    26) "not_code 2"
     - [  24] (hp :=    26) "not_aux3"
     - [  23] (hp :=    28) "door"
     - [  22] (hp :=    32) "o2_x2_2_sig"
     - [  21] (hp :=    33) "not_dac_cst 2"
     - [  20] (hp :=    33) "not_code 0"
     - [  19] (hp :=    34) "not_reset"
     - [  18] (hp :=    34) "na2_x1_sig"
     - [  17] (hp :=    36) "na2_x1_4_sig"
     - [  16] (hp :=    37) "not_code 1"
     - [  15] (hp :=    39) "na3_x1_sig"
     - [  14] (hp :=    40) "na3_x1_2_sig"
     - [  13] (hp :=    41) "code 1"
     - [  12] (hp :=    41) "na2_x1_3_sig"
     - [  11] (hp :=    46) "noa22_x1_sig"
     - [  10] (hp :=    50) "not_aux6"
     - [   9] (hp :=    53) "clk"
     - [   8] (hp :=    56) "code 3"
     - [   7] (hp :=    56) "dac_cst 2"
     - [   6] (hp :=    59) "not_aux4"
     - [   5] (hp :=    63) "not_aux0"
     - [   4] (hp :=    79) "test"
     - [   3] (hp :=    79) "dac_cst 0"
     - [   2] (hp :=    83) "code 2"
     - [   1] (hp :=    86) "code 0"
     - [   0] (hp :=    92) "dac_cst 1"

  o  Routing stats :
     - routing iterations    := 33932
     - re-routing iterations := 0
     - ratio                 := 0%.

  o  Dumping routing grid.
  o  Saving MBK figure "dac_j_scap_nero".
  o  Saving layout as "dac_j_scap_nero"...


